<?xml version="1.0" encoding="UTF-8"?>
<!-- Generated by org.testng.reporters.JUnitReportReporter -->
<testsuite skipped="0" hostname="Avi-PC" name="mavenA.TestA" tests="1" failures="0" timestamp="15 Apr 2018 07:15:20 GMT" time="0.015" errors="0">
  <testcase name="testA" time="0.015" classname="mavenA.TestA"/>
</testsuite> <!-- mavenA.TestA -->
